<?xml version="1.0" encoding="UTF-8"?>
<testng-results ignored="0" total="1" passed="1" failed="0" skipped="0">
  <reporter-output>
    <line>
      <![CDATA[Login Ttitle is Displayed]]>
    </line>
    <line>
      <![CDATA[Username text box is displayed]]>
    </line>
    <line>
      <![CDATA[Password text box is displayed]]>
    </line>
    <line>
      <![CDATA[Login Button is displayed]]>
    </line>
  </reporter-output>
  <suite started-at="2022-08-25T15:51:06 IST" name="Default suite" finished-at="2022-08-25T15:51:40 IST" duration-ms="34619">
    <groups>
    </groups>
    <test started-at="2022-08-25T15:51:06 IST" name="Default test" finished-at="2022-08-25T15:51:40 IST" duration-ms="34619">
      <class name="TestNG.OrangeHrmAssertion">
        <test-method is-config="true" signature="setUp()[pri:0, instance:TestNG.OrangeHrmAssertion@120f102b]" started-at="2022-08-25T15:51:06 IST" name="setUp" finished-at="2022-08-25T15:51:33 IST" duration-ms="27281" status="PASS">
          <reporter-output>
          </reporter-output>
        </test-method> <!-- setUp -->
        <test-method signature="OrangeLogin()[pri:0, instance:TestNG.OrangeHrmAssertion@120f102b]" started-at="2022-08-25T15:51:33 IST" name="OrangeLogin" finished-at="2022-08-25T15:51:39 IST" duration-ms="6402" status="PASS">
          <reporter-output>
            <line>
              <![CDATA[Login Ttitle is Displayed]]>
            </line>
            <line>
              <![CDATA[Username text box is displayed]]>
            </line>
            <line>
              <![CDATA[Password text box is displayed]]>
            </line>
            <line>
              <![CDATA[Login Button is displayed]]>
            </line>
          </reporter-output>
        </test-method> <!-- OrangeLogin -->
        <test-method is-config="true" signature="tearDown()[pri:0, instance:TestNG.OrangeHrmAssertion@120f102b]" started-at="2022-08-25T15:51:39 IST" name="tearDown" finished-at="2022-08-25T15:51:40 IST" duration-ms="818" status="PASS">
          <reporter-output>
          </reporter-output>
        </test-method> <!-- tearDown -->
      </class> <!-- TestNG.OrangeHrmAssertion -->
    </test> <!-- Default test -->
  </suite> <!-- Default suite -->
</testng-results>
